1770758256.082344 client started (20863): version 3.6a, socket /tmp/tmux-1000/default, protocol 8
1770758256.082370 on Linux 6.18.9-2-cachyos #1 SMP PREEMPT_DYNAMIC Fri, 06 Feb 2026 19:11:22 +0000
1770758256.082382 using libevent 2.1.12-stable poll
1770758256.082387 using ncurses 6.5 20240427
1770758256.082407 flags are 0x18010000
1770758256.082421 socket is /tmp/tmux-1000/default
1770758256.082435 trying connect
1770758256.082467 add peer 0x5653c747d880: 6 ((nil))
1770758256.082879 sending message 111 to peer 0x5653c747d880 (8 bytes)
1770758256.082887 sending message 111 to peer 0x5653c747d880 (8 bytes)
1770758256.082891 sending message 101 to peer 0x5653c747d880 (15 bytes)
1770758256.082894 sending message 109 to peer 0x5653c747d880 (4 bytes)
1770758256.082898 sending message 102 to peer 0x5653c747d880 (11 bytes)
1770758256.082901 sending message 108 to peer 0x5653c747d880 (14 bytes)
1770758256.082905 sending message 112 to peer 0x5653c747d880 (58 bytes)
1770758256.082909 sending message 112 to peer 0x5653c747d880 (5 bytes)
1770758256.082912 sending message 112 to peer 0x5653c747d880 (5 bytes)
1770758256.082915 sending message 112 to peer 0x5653c747d880 (6 bytes)
1770758256.082918 sending message 112 to peer 0x5653c747d880 (6 bytes)
1770758256.082922 sending message 112 to peer 0x5653c747d880 (11 bytes)
1770758256.082925 sending message 112 to peer 0x5653c747d880 (10 bytes)
1770758256.082928 sending message 112 to peer 0x5653c747d880 (13 bytes)
1770758256.082931 sending message 112 to peer 0x5653c747d880 (14 bytes)
1770758256.082934 sending message 112 to peer 0x5653c747d880 (19 bytes)
1770758256.082938 sending message 112 to peer 0x5653c747d880 (11 bytes)
1770758256.082941 sending message 112 to peer 0x5653c747d880 (10 bytes)
1770758256.082944 sending message 112 to peer 0x5653c747d880 (15 bytes)
1770758256.082947 sending message 112 to peer 0x5653c747d880 (21 bytes)
1770758256.082951 sending message 112 to peer 0x5653c747d880 (13 bytes)
1770758256.082954 sending message 112 to peer 0x5653c747d880 (7 bytes)
1770758256.082957 sending message 112 to peer 0x5653c747d880 (13 bytes)
1770758256.082960 sending message 112 to peer 0x5653c747d880 (7 bytes)
1770758256.082964 sending message 112 to peer 0x5653c747d880 (13 bytes)
1770758256.082967 sending message 112 to peer 0x5653c747d880 (9 bytes)
1770758256.082970 sending message 112 to peer 0x5653c747d880 (21 bytes)
1770758256.082973 sending message 112 to peer 0x5653c747d880 (13 bytes)
1770758256.082977 sending message 112 to peer 0x5653c747d880 (9 bytes)
1770758256.082980 sending message 112 to peer 0x5653c747d880 (16 bytes)
1770758256.082983 sending message 112 to peer 0x5653c747d880 (13 bytes)
1770758256.082986 sending message 112 to peer 0x5653c747d880 (9 bytes)
1770758256.082989 sending message 112 to peer 0x5653c747d880 (9 bytes)
1770758256.082993 sending message 112 to peer 0x5653c747d880 (12 bytes)
1770758256.082996 sending message 112 to peer 0x5653c747d880 (8 bytes)
1770758256.082999 sending message 112 to peer 0x5653c747d880 (8 bytes)
1770758256.083002 sending message 112 to peer 0x5653c747d880 (13 bytes)
1770758256.083006 sending message 112 to peer 0x5653c747d880 (7 bytes)
1770758256.083009 sending message 112 to peer 0x5653c747d880 (7 bytes)
1770758256.083012 sending message 112 to peer 0x5653c747d880 (9 bytes)
1770758256.083015 sending message 112 to peer 0x5653c747d880 (9 bytes)
1770758256.083018 sending message 112 to peer 0x5653c747d880 (15 bytes)
1770758256.083021 sending message 112 to peer 0x5653c747d880 (13 bytes)
1770758256.083025 sending message 112 to peer 0x5653c747d880 (12 bytes)
1770758256.083028 sending message 112 to peer 0x5653c747d880 (8 bytes)
1770758256.083031 sending message 112 to peer 0x5653c747d880 (14 bytes)
1770758256.083034 sending message 112 to peer 0x5653c747d880 (11 bytes)
1770758256.083037 sending message 112 to peer 0x5653c747d880 (9 bytes)
1770758256.083040 sending message 112 to peer 0x5653c747d880 (10 bytes)
1770758256.083043 sending message 112 to peer 0x5653c747d880 (10 bytes)
1770758256.083046 sending message 112 to peer 0x5653c747d880 (10 bytes)
1770758256.083055 sending message 112 to peer 0x5653c747d880 (10 bytes)
1770758256.083062 sending message 112 to peer 0x5653c747d880 (11 bytes)
1770758256.083065 sending message 112 to peer 0x5653c747d880 (12 bytes)
1770758256.083068 sending message 112 to peer 0x5653c747d880 (12 bytes)
1770758256.083072 sending message 112 to peer 0x5653c747d880 (12 bytes)
1770758256.083075 sending message 112 to peer 0x5653c747d880 (12 bytes)
1770758256.083078 sending message 112 to peer 0x5653c747d880 (12 bytes)
1770758256.083081 sending message 112 to peer 0x5653c747d880 (11 bytes)
1770758256.083085 sending message 112 to peer 0x5653c747d880 (11 bytes)
1770758256.083088 sending message 112 to peer 0x5653c747d880 (12 bytes)
1770758256.083091 sending message 112 to peer 0x5653c747d880 (12 bytes)
1770758256.083094 sending message 112 to peer 0x5653c747d880 (12 bytes)
1770758256.083098 sending message 112 to peer 0x5653c747d880 (12 bytes)
1770758256.083101 sending message 112 to peer 0x5653c747d880 (12 bytes)
1770758256.083104 sending message 112 to peer 0x5653c747d880 (9 bytes)
1770758256.083107 sending message 112 to peer 0x5653c747d880 (12 bytes)
1770758256.083110 sending message 112 to peer 0x5653c747d880 (13 bytes)
1770758256.083113 sending message 112 to peer 0x5653c747d880 (13 bytes)
1770758256.083117 sending message 112 to peer 0x5653c747d880 (13 bytes)
1770758256.083120 sending message 112 to peer 0x5653c747d880 (13 bytes)
1770758256.083123 sending message 112 to peer 0x5653c747d880 (13 bytes)
1770758256.083126 sending message 112 to peer 0x5653c747d880 (8 bytes)
1770758256.083129 sending message 112 to peer 0x5653c747d880 (11 bytes)
1770758256.083133 sending message 112 to peer 0x5653c747d880 (11 bytes)
1770758256.083136 sending message 112 to peer 0x5653c747d880 (11 bytes)
1770758256.083139 sending message 112 to peer 0x5653c747d880 (12 bytes)
1770758256.083142 sending message 112 to peer 0x5653c747d880 (12 bytes)
1770758256.083146 sending message 112 to peer 0x5653c747d880 (12 bytes)
1770758256.083149 sending message 112 to peer 0x5653c747d880 (12 bytes)
1770758256.083152 sending message 112 to peer 0x5653c747d880 (13 bytes)
1770758256.083155 sending message 112 to peer 0x5653c747d880 (13 bytes)
1770758256.083159 sending message 112 to peer 0x5653c747d880 (13 bytes)
1770758256.083162 sending message 112 to peer 0x5653c747d880 (8 bytes)
1770758256.083165 sending message 112 to peer 0x5653c747d880 (13 bytes)
1770758256.083169 sending message 112 to peer 0x5653c747d880 (13 bytes)
1770758256.083172 sending message 112 to peer 0x5653c747d880 (13 bytes)
1770758256.083175 sending message 112 to peer 0x5653c747d880 (13 bytes)
1770758256.083179 sending message 112 to peer 0x5653c747d880 (13 bytes)
1770758256.083182 sending message 112 to peer 0x5653c747d880 (12 bytes)
1770758256.083185 sending message 112 to peer 0x5653c747d880 (12 bytes)
1770758256.083188 sending message 112 to peer 0x5653c747d880 (12 bytes)
1770758256.083191 sending message 112 to peer 0x5653c747d880 (12 bytes)
1770758256.083195 sending message 112 to peer 0x5653c747d880 (13 bytes)
1770758256.083198 sending message 112 to peer 0x5653c747d880 (8 bytes)
1770758256.083201 sending message 112 to peer 0x5653c747d880 (13 bytes)
1770758256.083204 sending message 112 to peer 0x5653c747d880 (13 bytes)
1770758256.083207 sending message 112 to peer 0x5653c747d880 (13 bytes)
1770758256.083211 sending message 112 to peer 0x5653c747d880 (13 bytes)
1770758256.083214 sending message 112 to peer 0x5653c747d880 (13 bytes)
1770758256.083217 sending message 112 to peer 0x5653c747d880 (13 bytes)
1770758256.083220 sending message 112 to peer 0x5653c747d880 (13 bytes)
1770758256.083223 sending message 112 to peer 0x5653c747d880 (12 bytes)
1770758256.083227 sending message 112 to peer 0x5653c747d880 (12 bytes)
1770758256.083230 sending message 112 to peer 0x5653c747d880 (12 bytes)
1770758256.083233 sending message 112 to peer 0x5653c747d880 (8 bytes)
1770758256.083236 sending message 112 to peer 0x5653c747d880 (12 bytes)
1770758256.083239 sending message 112 to peer 0x5653c747d880 (13 bytes)
1770758256.083245 sending message 112 to peer 0x5653c747d880 (13 bytes)
1770758256.083249 sending message 112 to peer 0x5653c747d880 (13 bytes)
1770758256.083252 sending message 112 to peer 0x5653c747d880 (13 bytes)
1770758256.083256 sending message 112 to peer 0x5653c747d880 (13 bytes)
1770758256.083259 sending message 112 to peer 0x5653c747d880 (13 bytes)
1770758256.083262 sending message 112 to peer 0x5653c747d880 (13 bytes)
1770758256.083265 sending message 112 to peer 0x5653c747d880 (13 bytes)
1770758256.083268 sending message 112 to peer 0x5653c747d880 (12 bytes)
1770758256.083271 sending message 112 to peer 0x5653c747d880 (10 bytes)
1770758256.083274 sending message 112 to peer 0x5653c747d880 (12 bytes)
1770758256.083278 sending message 112 to peer 0x5653c747d880 (12 bytes)
1770758256.083281 sending message 112 to peer 0x5653c747d880 (12 bytes)
1770758256.083284 sending message 112 to peer 0x5653c747d880 (13 bytes)
1770758256.083287 sending message 112 to peer 0x5653c747d880 (13 bytes)
1770758256.083290 sending message 112 to peer 0x5653c747d880 (13 bytes)
1770758256.083293 sending message 112 to peer 0x5653c747d880 (13 bytes)
1770758256.083297 sending message 112 to peer 0x5653c747d880 (13 bytes)
1770758256.083300 sending message 112 to peer 0x5653c747d880 (13 bytes)
1770758256.083303 sending message 112 to peer 0x5653c747d880 (13 bytes)
1770758256.083306 sending message 112 to peer 0x5653c747d880 (10 bytes)
1770758256.083309 sending message 112 to peer 0x5653c747d880 (13 bytes)
1770758256.083312 sending message 112 to peer 0x5653c747d880 (12 bytes)
1770758256.083315 sending message 112 to peer 0x5653c747d880 (12 bytes)
1770758256.083319 sending message 112 to peer 0x5653c747d880 (12 bytes)
1770758256.083322 sending message 112 to peer 0x5653c747d880 (10 bytes)
1770758256.083325 sending message 112 to peer 0x5653c747d880 (10 bytes)
1770758256.083328 sending message 112 to peer 0x5653c747d880 (10 bytes)
1770758256.083331 sending message 112 to peer 0x5653c747d880 (12 bytes)
1770758256.083334 sending message 112 to peer 0x5653c747d880 (13 bytes)
1770758256.083338 sending message 112 to peer 0x5653c747d880 (13 bytes)
1770758256.083341 sending message 112 to peer 0x5653c747d880 (13 bytes)
1770758256.083344 sending message 112 to peer 0x5653c747d880 (13 bytes)
1770758256.083347 sending message 112 to peer 0x5653c747d880 (13 bytes)
1770758256.083350 sending message 112 to peer 0x5653c747d880 (10 bytes)
1770758256.083353 sending message 112 to peer 0x5653c747d880 (11 bytes)
1770758256.083356 sending message 112 to peer 0x5653c747d880 (12 bytes)
1770758256.083360 sending message 112 to peer 0x5653c747d880 (12 bytes)
1770758256.083363 sending message 112 to peer 0x5653c747d880 (12 bytes)
1770758256.083366 sending message 112 to peer 0x5653c747d880 (12 bytes)
1770758256.083369 sending message 112 to peer 0x5653c747d880 (12 bytes)
1770758256.083372 sending message 112 to peer 0x5653c747d880 (11 bytes)
1770758256.083375 sending message 112 to peer 0x5653c747d880 (12 bytes)
1770758256.083378 sending message 112 to peer 0x5653c747d880 (12 bytes)
1770758256.083381 sending message 112 to peer 0x5653c747d880 (13 bytes)
1770758256.083385 sending message 112 to peer 0x5653c747d880 (13 bytes)
1770758256.083388 sending message 112 to peer 0x5653c747d880 (13 bytes)
1770758256.083391 sending message 112 to peer 0x5653c747d880 (13 bytes)
1770758256.083394 sending message 112 to peer 0x5653c747d880 (13 bytes)
1770758256.083397 sending message 112 to peer 0x5653c747d880 (10 bytes)
1770758256.083400 sending message 112 to peer 0x5653c747d880 (9 bytes)
1770758256.083404 sending message 112 to peer 0x5653c747d880 (12 bytes)
1770758256.083407 sending message 112 to peer 0x5653c747d880 (13 bytes)
1770758256.083410 sending message 112 to peer 0x5653c747d880 (13 bytes)
1770758256.083413 sending message 112 to peer 0x5653c747d880 (13 bytes)
1770758256.083416 sending message 112 to peer 0x5653c747d880 (13 bytes)
1770758256.083419 sending message 112 to peer 0x5653c747d880 (13 bytes)
1770758256.083423 sending message 112 to peer 0x5653c747d880 (9 bytes)
1770758256.083428 sending message 112 to peer 0x5653c747d880 (12 bytes)
1770758256.083433 sending message 112 to peer 0x5653c747d880 (13 bytes)
1770758256.083436 sending message 112 to peer 0x5653c747d880 (13 bytes)
1770758256.083439 sending message 112 to peer 0x5653c747d880 (13 bytes)
1770758256.083442 sending message 112 to peer 0x5653c747d880 (13 bytes)
1770758256.083445 sending message 112 to peer 0x5653c747d880 (13 bytes)
1770758256.083449 sending message 112 to peer 0x5653c747d880 (11 bytes)
1770758256.083452 sending message 112 to peer 0x5653c747d880 (12 bytes)
1770758256.083455 sending message 112 to peer 0x5653c747d880 (13 bytes)
1770758256.083458 sending message 112 to peer 0x5653c747d880 (13 bytes)
1770758256.083461 sending message 112 to peer 0x5653c747d880 (13 bytes)
1770758256.083464 sending message 112 to peer 0x5653c747d880 (13 bytes)
1770758256.083468 sending message 112 to peer 0x5653c747d880 (13 bytes)
1770758256.083471 sending message 112 to peer 0x5653c747d880 (11 bytes)
1770758256.083474 sending message 112 to peer 0x5653c747d880 (12 bytes)
1770758256.083477 sending message 112 to peer 0x5653c747d880 (12 bytes)
1770758256.083480 sending message 112 to peer 0x5653c747d880 (12 bytes)
1770758256.083484 sending message 112 to peer 0x5653c747d880 (12 bytes)
1770758256.083487 sending message 112 to peer 0x5653c747d880 (12 bytes)
1770758256.083490 sending message 112 to peer 0x5653c747d880 (21 bytes)
1770758256.083493 sending message 112 to peer 0x5653c747d880 (12 bytes)
1770758256.083496 sending message 112 to peer 0x5653c747d880 (9 bytes)
1770758256.083499 sending message 112 to peer 0x5653c747d880 (6 bytes)
1770758256.083503 sending message 112 to peer 0x5653c747d880 (13 bytes)
1770758256.083506 sending message 112 to peer 0x5653c747d880 (10 bytes)
1770758256.083509 sending message 112 to peer 0x5653c747d880 (24 bytes)
1770758256.083512 sending message 112 to peer 0x5653c747d880 (13 bytes)
1770758256.083515 sending message 112 to peer 0x5653c747d880 (9 bytes)
1770758256.083519 sending message 112 to peer 0x5653c747d880 (70 bytes)
1770758256.083522 sending message 112 to peer 0x5653c747d880 (69 bytes)
1770758256.083525 sending message 112 to peer 0x5653c747d880 (12 bytes)
1770758256.083529 sending message 112 to peer 0x5653c747d880 (10 bytes)
1770758256.083532 sending message 112 to peer 0x5653c747d880 (10 bytes)
1770758256.083536 sending message 112 to peer 0x5653c747d880 (24 bytes)
1770758256.083539 sending message 112 to peer 0x5653c747d880 (13 bytes)
1770758256.083542 sending message 112 to peer 0x5653c747d880 (10 bytes)
1770758256.083545 sending message 112 to peer 0x5653c747d880 (10 bytes)
1770758256.083549 sending message 112 to peer 0x5653c747d880 (10 bytes)
1770758256.083552 sending message 112 to peer 0x5653c747d880 (13 bytes)
1770758256.083555 sending message 112 to peer 0x5653c747d880 (15 bytes)
1770758256.083558 sending message 112 to peer 0x5653c747d880 (5 bytes)
1770758256.083565 sending message 104 to peer 0x5653c747d880 (0 bytes)
1770758256.083570 sending message 110 to peer 0x5653c747d880 (0 bytes)
1770758256.083573 sending message 107 to peer 0x5653c747d880 (4 bytes)
1770758256.083578 sending message 105 to peer 0x5653c747d880 (15 bytes)
1770758256.083582 sending message 105 to peer 0x5653c747d880 (23 bytes)
1770758256.083594 sending message 105 to peer 0x5653c747d880 (30 bytes)
1770758256.083598 sending message 105 to peer 0x5653c747d880 (27 bytes)
1770758256.083601 sending message 105 to peer 0x5653c747d880 (24 bytes)
1770758256.083604 sending message 105 to peer 0x5653c747d880 (20 bytes)
1770758256.083608 sending message 105 to peer 0x5653c747d880 (23 bytes)
1770758256.083611 sending message 105 to peer 0x5653c747d880 (21 bytes)
1770758256.083614 sending message 105 to peer 0x5653c747d880 (25 bytes)
1770758256.083617 sending message 105 to peer 0x5653c747d880 (20 bytes)
1770758256.083621 sending message 105 to peer 0x5653c747d880 (12 bytes)
1770758256.083624 sending message 105 to peer 0x5653c747d880 (375 bytes)
1770758256.083628 sending message 105 to peer 0x5653c747d880 (15 bytes)
1770758256.083633 sending message 105 to peer 0x5653c747d880 (9 bytes)
1770758256.083638 sending message 105 to peer 0x5653c747d880 (31 bytes)
1770758256.083641 sending message 105 to peer 0x5653c747d880 (63 bytes)
1770758256.083644 sending message 105 to peer 0x5653c747d880 (19 bytes)
1770758256.083648 sending message 105 to peer 0x5653c747d880 (15 bytes)
1770758256.083651 sending message 105 to peer 0x5653c747d880 (54 bytes)
1770758256.083654 sending message 105 to peer 0x5653c747d880 (81 bytes)
1770758256.083658 sending message 105 to peer 0x5653c747d880 (11 bytes)
1770758256.083661 sending message 105 to peer 0x5653c747d880 (12 bytes)
1770758256.083667 sending message 105 to peer 0x5653c747d880 (41 bytes)
1770758256.083670 sending message 105 to peer 0x5653c747d880 (19 bytes)
1770758256.083673 sending message 105 to peer 0x5653c747d880 (25 bytes)
1770758256.083676 sending message 105 to peer 0x5653c747d880 (15 bytes)
1770758256.083680 sending message 105 to peer 0x5653c747d880 (15 bytes)
1770758256.083683 sending message 105 to peer 0x5653c747d880 (52 bytes)
1770758256.083687 sending message 105 to peer 0x5653c747d880 (17 bytes)
1770758256.083690 sending message 105 to peer 0x5653c747d880 (11 bytes)
1770758256.083693 sending message 105 to peer 0x5653c747d880 (18 bytes)
1770758256.083697 sending message 105 to peer 0x5653c747d880 (8 bytes)
1770758256.083700 sending message 105 to peer 0x5653c747d880 (20 bytes)
1770758256.083703 sending message 105 to peer 0x5653c747d880 (14 bytes)
1770758256.083706 sending message 105 to peer 0x5653c747d880 (26 bytes)
1770758256.083710 sending message 105 to peer 0x5653c747d880 (25 bytes)
1770758256.083713 sending message 105 to peer 0x5653c747d880 (15 bytes)
1770758256.083716 sending message 105 to peer 0x5653c747d880 (23 bytes)
1770758256.083719 sending message 105 to peer 0x5653c747d880 (25 bytes)
1770758256.083723 sending message 105 to peer 0x5653c747d880 (18 bytes)
1770758256.083726 sending message 105 to peer 0x5653c747d880 (25 bytes)
1770758256.083729 sending message 105 to peer 0x5653c747d880 (11 bytes)
1770758256.083732 sending message 105 to peer 0x5653c747d880 (31 bytes)
1770758256.083736 sending message 105 to peer 0x5653c747d880 (17 bytes)
1770758256.083739 sending message 105 to peer 0x5653c747d880 (16 bytes)
1770758256.083742 sending message 105 to peer 0x5653c747d880 (20 bytes)
1770758256.083745 sending message 105 to peer 0x5653c747d880 (47 bytes)
1770758256.083749 sending message 105 to peer 0x5653c747d880 (23 bytes)
1770758256.083752 sending message 105 to peer 0x5653c747d880 (23 bytes)
1770758256.083755 sending message 105 to peer 0x5653c747d880 (128 bytes)
1770758256.083759 sending message 105 to peer 0x5653c747d880 (51 bytes)
1770758256.083762 sending message 105 to peer 0x5653c747d880 (20 bytes)
1770758256.083765 sending message 105 to peer 0x5653c747d880 (27 bytes)
1770758256.083768 sending message 105 to peer 0x5653c747d880 (28 bytes)
1770758256.083772 sending message 105 to peer 0x5653c747d880 (47 bytes)
1770758256.083775 sending message 105 to peer 0x5653c747d880 (14 bytes)
1770758256.083778 sending message 105 to peer 0x5653c747d880 (48 bytes)
1770758256.083781 sending message 105 to peer 0x5653c747d880 (38 bytes)
1770758256.083785 sending message 105 to peer 0x5653c747d880 (17 bytes)
1770758256.083788 sending message 105 to peer 0x5653c747d880 (47 bytes)
1770758256.083791 sending message 105 to peer 0x5653c747d880 (17 bytes)
1770758256.083794 sending message 105 to peer 0x5653c747d880 (47 bytes)
1770758256.083797 sending message 105 to peer 0x5653c747d880 (30 bytes)
1770758256.083801 sending message 105 to peer 0x5653c747d880 (50 bytes)
1770758256.083804 sending message 105 to peer 0x5653c747d880 (17 bytes)
1770758256.083807 sending message 105 to peer 0x5653c747d880 (19 bytes)
1770758256.083810 sending message 105 to peer 0x5653c747d880 (13 bytes)
1770758256.083814 sending message 106 to peer 0x5653c747d880 (0 bytes)
1770758256.083878 sending message 200 to peer 0x5653c747d880 (4 bytes)
1770758256.083882 client loop enter
1770758256.088214 peer 0x5653c747d880 message 207
1770758256.088255 sending message 208 to peer 0x5653c747d880 (0 bytes)
1770758257.517856 peer 0x5653c747d880 message 203
1770758257.517885 sending message 205 to peer 0x5653c747d880 (0 bytes)
1770758257.518093 peer 0x5653c747d880 message 204
1770758257.518096 client loop exit
